<?xml version="1.0" encoding="UTF-8"?>
<!-- Generated by org.testng.reporters.JUnitReportReporter -->
<testsuite skipped="0" hostname="DESKTOP-9JPVN8V" name="com.hepsiburada.test.services.petstore.PutUpdateAnExistinPet" tests="1" failures="0" timestamp="2020-08-17T00:17:16 EET" time="1.621" errors="0">
  <testcase name="putUpdateAnExistinPet" time="1.621" classname="com.hepsiburada.test.services.petstore.PutUpdateAnExistinPet"/>
  <system-out/>
</testsuite> <!-- com.hepsiburada.test.services.petstore.PutUpdateAnExistinPet -->
