<?xml version="1.0" encoding="UTF-8"?>
<!-- Generated by org.testng.reporters.JUnitReportReporter -->
<testsuite skipped="0" hostname="DESKTOP-9JPVN8V" name="test.java.HepsiBurada.AppTest" tests="1" failures="0" timestamp="2020-08-13T20:43:46 EET" time="1.755" errors="0">
  <testcase name="correctOpen" time="1.755" classname="test.java.HepsiBurada.AppTest"/>
  <system-out/>
</testsuite> <!-- test.java.HepsiBurada.AppTest -->
