<?xml version="1.0" encoding="UTF-8"?>
<!-- Generated by org.testng.reporters.JUnitReportReporter -->
<testsuite skipped="0" hostname="DESKTOP-9JPVN8V" name="com.trendyol.test.services.petstore.PostPlaceAnOrderForAPet" tests="1" failures="0" timestamp="2020-09-27T06:32:27 EET" time="1.461" errors="0">
  <testcase name="postPlaceAnOrderForAPet" time="1.461" classname="com.trendyol.test.services.petstore.PostPlaceAnOrderForAPet"/>
  <system-out/>
</testsuite> <!-- com.trendyol.test.services.petstore.PostPlaceAnOrderForAPet -->
