<?xml version="1.0" encoding="UTF-8"?>
<!-- Generated by org.testng.reporters.JUnitReportReporter -->
<testsuite skipped="0" hostname="DESKTOP-9JPVN8V" name="com.hepsiburada.test.services.petstore.PostPlaceAnOrderForAPet" tests="1" failures="0" timestamp="2020-08-17T00:28:01 EET" time="1.635" errors="0">
  <testcase name="postPlaceAnOrderForAPet" time="1.635" classname="com.hepsiburada.test.services.petstore.PostPlaceAnOrderForAPet"/>
  <system-out/>
</testsuite> <!-- com.hepsiburada.test.services.petstore.PostPlaceAnOrderForAPet -->
