<?xml version="1.0" encoding="UTF-8"?>
<!-- Generated by org.testng.reporters.JUnitReportReporter -->
<testsuite skipped="0" hostname="DESKTOP-9JPVN8V" name="com.trendyol.test.selenium.trendyol.TrendyolLoginTest" tests="1" failures="0" timestamp="2020-09-27T06:31:53 EET" time="31.608" errors="0">
  <testcase name="Trendyol_Login" time="31.608" classname="com.trendyol.test.selenium.trendyol.TrendyolLoginTest"/>
  <system-out/>
</testsuite> <!-- com.trendyol.test.selenium.trendyol.TrendyolLoginTest -->
