<?xml version="1.0" encoding="UTF-8"?>
<!-- Generated by org.testng.reporters.JUnitReportReporter -->
<testsuite skipped="0" hostname="DESKTOP-9JPVN8V" name="com.trendyol.test.services.petstore.PostCreateWhiteList" tests="1" failures="0" timestamp="2020-09-27T06:32:34 EET" time="1.542" errors="0">
  <testcase name="postCreateWhiteList" time="1.542" classname="com.trendyol.test.services.petstore.PostCreateWhiteList"/>
  <system-out/>
</testsuite> <!-- com.trendyol.test.services.petstore.PostCreateWhiteList -->
