<?xml version="1.0" encoding="UTF-8"?>
<!-- Generated by org.testng.reporters.JUnitReportReporter -->
<testsuite skipped="0" hostname="DESKTOP-9JPVN8V" name="com.hepsiburada.test.services.petstore.GetUserByUserName" tests="1" failures="0" timestamp="2020-08-16T23:32:11 EET" time="1.598" errors="0">
  <testcase name="GetUserByUserName" time="1.598" classname="com.hepsiburada.test.services.petstore.GetUserByUserName"/>
  <system-out/>
</testsuite> <!-- com.hepsiburada.test.services.petstore.GetUserByUserName -->
